     1 00000000                                 [FORMAT "WCOFF"]
     2 00000000                                 [INSTRSET "i486p"]
     3 00000000                                 [OPTIMIZE 1]
     4 00000000                                 [OPTION 1]
     5 00000000                                 [BITS 32]
     6 00000000                                 	EXTERN	_api_rtc
     7 00000000                                 	EXTERN	_printf
     8 00000000                                 	EXTERN	_exit
     9 00000000                                 [FILE "date.c"]
    10                                          [SECTION .data]
    11 00000000                                 LC0:
    12 00000000 53 75 6E 00                     	DB	"Sun",0x00
    13 00000004                                 LC1:
    14 00000004 4D 6F 6E 00                     	DB	"Mon",0x00
    15 00000008                                 LC2:
    16 00000008 54 75 65 00                     	DB	"Tue",0x00
    17 0000000C                                 LC3:
    18 0000000C 57 65 64 00                     	DB	"Wed",0x00
    19 00000010                                 LC4:
    20 00000010 54 68 75 00                     	DB	"Thu",0x00
    21 00000014                                 LC5:
    22 00000014 46 72 69 00                     	DB	"Fri",0x00
    23 00000018                                 LC6:
    24 00000018 53 61 74 00                     	DB	"Sat",0x00
    25 0000001C                                 	ALIGNB	4
    26 0000001C                                 LC7:
    27 0000001C [00000000]                      	DD	LC0
    28 00000020 [00000004]                      	DD	LC1
    29 00000024 [00000008]                      	DD	LC2
    30 00000028 [0000000C]                      	DD	LC3
    31 0000002C [00000010]                      	DD	LC4
    32 00000030 [00000014]                      	DD	LC5
    33 00000034 [00000018]                      	DD	LC6
    34 00000038                                 LC8:
    35 00000038 25 64 2D 25 64 2D 25 64 20 25   	DB	"%d-%d-%d %s %d:%02d:%02d",0x0A,0x00
       00000042 73 20 25 64 3A 25 30 32 64 3A 
       0000004C 25 30 32 64 0A 00 
    36                                          [SECTION .text]
    37 00000000                                 	GLOBAL	_HariMain
    38 00000000                                 _HariMain:
    39 00000000 55                              	PUSH	EBP
    40 00000001 B9 00000007                     	MOV	ECX,7
    41 00000006 89 E5                           	MOV	EBP,ESP
    42 00000008 57                              	PUSH	EDI
    43 00000009 56                              	PUSH	ESI
    44 0000000A BE [0000001C]                   	MOV	ESI,LC7
    45 0000000F FC                              	CLD
    46 00000010 53                              	PUSH	EBX
    47 00000011 8D 7D D4                        	LEA	EDI,DWORD [-44+EBP]
    48 00000014 83 EC 30                        	SUB	ESP,48
    49 00000017 F3                              	REP
    50 00000018 A5                              	MOVSD
    51 00000019 6A 00                           	PUSH	0
    52 0000001B E8 [00000000]                   	CALL	_api_rtc
    53 00000020 6A 02                           	PUSH	2
    54 00000022 89 45 D0                        	MOV	DWORD [-48+EBP],EAX
    55 00000025 E8 [00000000]                   	CALL	_api_rtc
    56 0000002A 6A 04                           	PUSH	4
    57 0000002C 89 45 CC                        	MOV	DWORD [-52+EBP],EAX
    58 0000002F E8 [00000000]                   	CALL	_api_rtc
    59 00000034 6A 06                           	PUSH	6
    60 00000036 89 45 C8                        	MOV	DWORD [-56+EBP],EAX
    61 00000039 E8 [00000000]                   	CALL	_api_rtc
    62 0000003E 6A 07                           	PUSH	7
    63 00000040 89 45 C4                        	MOV	DWORD [-60+EBP],EAX
    64 00000043 E8 [00000000]                   	CALL	_api_rtc
    65 00000048 6A 08                           	PUSH	8
    66 0000004A 89 C7                           	MOV	EDI,EAX
    67 0000004C E8 [00000000]                   	CALL	_api_rtc
    68 00000051 6A 09                           	PUSH	9
    69 00000053 89 C6                           	MOV	ESI,EAX
    70 00000055 E8 [00000000]                   	CALL	_api_rtc
    71 0000005A 6A 32                           	PUSH	50
    72 0000005C 89 C3                           	MOV	EBX,EAX
    73 0000005E E8 [00000000]                   	CALL	_api_rtc
    74 00000063 8B 55 C4                        	MOV	EDX,DWORD [-60+EBP]
    75 00000066 6B C0 64                        	IMUL	EAX,EAX,100
    76 00000069 83 C4 20                        	ADD	ESP,32
    77 0000006C 01 D8                           	ADD	EAX,EBX
    78 0000006E FF 75 D0                        	PUSH	DWORD [-48+EBP]
    79 00000071 FF 75 CC                        	PUSH	DWORD [-52+EBP]
    80 00000074 FF 75 C8                        	PUSH	DWORD [-56+EBP]
    81 00000077 FF 74 95 D4                     	PUSH	DWORD [-44+EBP+EDX*4]
    82 0000007B 57                              	PUSH	EDI
    83 0000007C 56                              	PUSH	ESI
    84 0000007D 50                              	PUSH	EAX
    85 0000007E 68 [00000038]                   	PUSH	LC8
    86 00000083 E8 [00000000]                   	CALL	_printf
    87 00000088 83 C4 20                        	ADD	ESP,32
    88 0000008B 6A 00                           	PUSH	0
    89 0000008D E8 [00000000]                   	CALL	_exit
